--------------------------------------------------------------------------------
Release 9.2.04i Trace 
Copyright (c) 1995-2007 Xilinx, Inc.  All rights reserved.

C:\Xilinx92i\bin\nt\trce.exe -ise Z:/sum2g/sum2g.ise -intstyle ise -e 3 -s 4
-xml sum2g sum2g.ncd -o sum2g.twr sum2g.pcf

Design file:              sum2g.ncd
Physical constraint file: sum2g.pcf
Device,package,speed:     xa3s50,vqg100,-4 (PRODUCTION 1.39 2007-10-19)
Report level:             error report

Environment Variable      Effect 
--------------------      ------ 
NONE                      No environment variables were set
--------------------------------------------------------------------------------

INFO:Timing:2698 - No timing constraints found, doing default enumeration.
INFO:Timing:2752 - To get complete path coverage, use the unconstrained paths 
   option. All paths that are not constrained will be reported in the 
   unconstrained paths section(s) of the report.
INFO:Timing:3339 - The clock-to-out numbers in this timing report are based on 
   a 50 Ohm transmission line loading model.  For the details of this model, 
   and for more information on accounting for different loading conditions, 
   please see the device datasheet.



Data Sheet report:
-----------------
All values displayed in nanoseconds (ns)

Pad to Pad
---------------+---------------+---------+
Source Pad     |Destination Pad|  Delay  |
---------------+---------------+---------+
a0             |c1             |    8.444|
a0             |c2             |    9.729|
a0             |s0             |    8.186|
a0             |s1             |    8.822|
a1             |c2             |    7.148|
a1             |s1             |    9.064|
b0             |c1             |    8.420|
b0             |c2             |    9.705|
b0             |s0             |    8.162|
b0             |s1             |    8.798|
b1             |c2             |    7.827|
b1             |s1             |    8.825|
c0             |c1             |    8.199|
c0             |c2             |    9.484|
c0             |s0             |    7.941|
c0             |s1             |    8.577|
---------------+---------------+---------+


Analysis completed Fri Feb 24 23:25:59 2023 
--------------------------------------------------------------------------------

Trace Settings:
-------------------------
Trace Settings 

Peak Memory Usage: 118 MB



